[debug] ----------------------------------------------------------------------
[debug] Command:      C:\Program Files\nodejs\node.exe C:\Users\Mathan K A\AppData\Roaming\npm\node_modules\firebase-tools\bin\firebase serve
[debug] CLI Version:  3.0.8
[debug] Platform:     win32
[debug] Node Version: v4.6.1
[debug] Time:         Fri Oct 28 2016 20:32:47 GMT+0530 (India Standard Time)
[debug] ----------------------------------------------------------------------
[debug] 
[info] Starting Firebase development server...
[info] 
[info] Project Directory: F:\Final-Projects\meetup
[info] Public Directory: public
[info] 
[info] Server listening at: http://localhost:5000
[debug] ----------------------------------------------------------------------
[debug] Command:      C:\Program Files\nodejs\node.exe C:\Users\Mathan K A\AppData\Roaming\npm\node_modules\firebase-tools\bin\firebase serve
[debug] CLI Version:  3.0.8
[debug] Platform:     win32
[debug] Node Version: v4.6.1
[debug] Time:         Fri Oct 28 2016 20:42:36 GMT+0530 (India Standard Time)
[debug] ----------------------------------------------------------------------
[debug] 
[info] Starting Firebase development server...
[info] 
[info] Project Directory: F:\Final-Projects\meetup
[info] Public Directory: public
[info] 
[info] Server listening at: http://localhost:5000
